<?xml version="1.0" encoding="UTF-8"?>
<!-- Generated by org.testng.reporters.JUnitReportReporter -->
<testsuite hostname="Khwaish" failures="0" tests="2" name="practiceTest.MaxMinNumber" time="0.012" errors="0" timestamp="2022-01-12T23:26:47 IST" skipped="0">
  <testcase classname="practiceTest.MaxMinNumber" name="minimumNumber" time="0.002"/>
  <system-out/>
  <testcase classname="practiceTest.MaxMinNumber" name="maximumNumber" time="0.010"/>
  <system-out/>
</testsuite> <!-- practiceTest.MaxMinNumber -->
