<?xml version="1.0" encoding="UTF-8"?>
<!-- Generated by org.testng.reporters.JUnitReportReporter -->
<testsuite hostname="Khwaish" failures="0" tests="1" name="practiceTest.SwappingNumber" time="0.010" errors="0" timestamp="2022-01-12T23:17:12 IST" skipped="0">
  <testcase classname="practiceTest.SwappingNumber" name="swapping" time="0.010"/>
  <system-out/>
</testsuite> <!-- practiceTest.SwappingNumber -->
