<?xml version="1.0" encoding="UTF-8"?>
<!-- Generated by org.testng.reporters.JUnitReportReporter -->
<testsuite hostname="Khwaish" failures="0" tests="1" name="practiceTest.PyramidAestrisk" time="0.011" errors="0" timestamp="2022-01-12T19:29:15 IST" skipped="0">
  <testcase classname="practiceTest.PyramidAestrisk" name="bMethod" time="0.011"/>
  <system-out/>
</testsuite> <!-- practiceTest.PyramidAestrisk -->
