<?xml version="1.0" encoding="UTF-8"?>
<!-- Generated by org.testng.reporters.JUnitReportReporter -->
<testsuite hostname="Khwaish" failures="0" tests="2" name="practiceTest.UppserLowerCase" time="0.015" errors="0" timestamp="2022-01-12T20:13:45 IST" skipped="0">
  <testcase classname="practiceTest.UppserLowerCase" name="bMethod" time="0.013"/>
  <system-out/>
  <testcase classname="practiceTest.UppserLowerCase" name="aMethod" time="0.002"/>
  <system-out/>
</testsuite> <!-- practiceTest.UppserLowerCase -->
